<?xml version="1.0" encoding="UTF-8"?>
<testng-results ignored="0" total="1" passed="1" failed="0" skipped="0">
  <reporter-output>
  </reporter-output>
  <suite started-at="2023-05-15T21:43:54 IST" name="Default suite" finished-at="2023-05-15T21:44:05 IST" duration-ms="11290">
    <groups>
    </groups>
    <test started-at="2023-05-15T21:43:54 IST" name="Default test" finished-at="2023-05-15T21:44:05 IST" duration-ms="11290">
      <class name="Tests.LaunchBrowserTest">
        <test-method is-config="true" signature="beforeTest()[pri:0, instance:Tests.LaunchBrowserTest@470f1802]" started-at="2023-05-15T21:43:54 IST" name="beforeTest" finished-at="2023-05-15T21:43:57 IST" duration-ms="3165" status="PASS">
          <reporter-output>
          </reporter-output>
        </test-method> <!-- beforeTest -->
        <test-method signature="LaunchTestMeAppMethod()[pri:0, instance:Tests.LaunchBrowserTest@470f1802]" started-at="2023-05-15T21:43:57 IST" name="LaunchTestMeAppMethod" finished-at="2023-05-15T21:43:59 IST" duration-ms="2090" status="PASS">
          <reporter-output>
          </reporter-output>
        </test-method> <!-- LaunchTestMeAppMethod -->
        <test-method is-config="true" signature="afterTest(org.testng.ITestResult)[pri:0, instance:Tests.LaunchBrowserTest@470f1802]" started-at="2023-05-15T21:43:59 IST" name="afterTest" finished-at="2023-05-15T21:44:05 IST" duration-ms="5991" status="PASS">
          <params>
            <param index="0">
              <value>
                <![CDATA[[TestResult name=LaunchTestMeAppMethod status=SUCCESS method=LaunchBrowserTest.LaunchTestMeAppMethod()[pri:0, instance:Tests.LaunchBrowserTest@470f1802] output={null}]]]>
              </value>
            </param>
          </params>
          <reporter-output>
          </reporter-output>
        </test-method> <!-- afterTest -->
      </class> <!-- Tests.LaunchBrowserTest -->
    </test> <!-- Default test -->
  </suite> <!-- Default suite -->
</testng-results>
