<?xml version="1.0" encoding="UTF-8"?>
<testng-results ignored="0" total="1" passed="1" failed="0" skipped="0">
  <reporter-output>
  </reporter-output>
  <suite started-at="2023-05-15T17:39:06 IST" name="Default suite" finished-at="2023-05-15T17:39:14 IST" duration-ms="7792">
    <groups>
    </groups>
    <test started-at="2023-05-15T17:39:06 IST" name="Default test" finished-at="2023-05-15T17:39:14 IST" duration-ms="7792">
      <class name="Tests.LaunchBrowserTest">
        <test-method is-config="true" signature="beforeTest()[pri:0, instance:Tests.LaunchBrowserTest@5ae50ce6]" started-at="2023-05-15T17:39:06 IST" name="beforeTest" finished-at="2023-05-15T17:39:12 IST" duration-ms="5338" status="PASS">
          <reporter-output>
          </reporter-output>
        </test-method> <!-- beforeTest -->
        <test-method signature="LaunchTestMeAppMethod()[pri:0, instance:Tests.LaunchBrowserTest@5ae50ce6]" started-at="2023-05-15T17:39:12 IST" name="LaunchTestMeAppMethod" finished-at="2023-05-15T17:39:14 IST" duration-ms="2410" status="PASS">
          <reporter-output>
          </reporter-output>
        </test-method> <!-- LaunchTestMeAppMethod -->
        <test-method is-config="true" signature="afterTest()[pri:0, instance:Tests.LaunchBrowserTest@5ae50ce6]" started-at="2023-05-15T17:39:14 IST" name="afterTest" finished-at="2023-05-15T17:39:14 IST" duration-ms="1" status="PASS">
          <reporter-output>
          </reporter-output>
        </test-method> <!-- afterTest -->
      </class> <!-- Tests.LaunchBrowserTest -->
    </test> <!-- Default test -->
  </suite> <!-- Default suite -->
</testng-results>
